<?xml version="1.0" encoding="UTF-8"?>
<coverage generated="1597706238978" clover="3.2.0">
  <project timestamp="1597706238978" name="All files">
    <metrics statements="33" coveredstatements="15" conditionals="12" coveredconditionals="4" methods="7" coveredmethods="1" elements="52" coveredelements="20" complexity="0" loc="33" ncloc="33" packages="2" files="2" classes="2"/>
    <package name="client.src.components.common">
      <metrics statements="21" coveredstatements="12" conditionals="12" coveredconditionals="4" methods="4" coveredmethods="1"/>
      <file name="StarRating.jsx" path="/Users/armando/Desktop/FEC-ROBIN/Project-Catwalk/client/src/components/common/StarRating.jsx">
        <metrics statements="21" coveredstatements="12" conditionals="12" coveredconditionals="4" methods="4" coveredmethods="1"/>
        <line num="8" count="1" type="stmt"/>
        <line num="12" count="1" type="stmt"/>
        <line num="13" count="4" type="stmt"/>
        <line num="14" count="4" type="stmt"/>
        <line num="15" count="4" type="stmt"/>
        <line num="16" count="4" type="cond" truecount="1" falsecount="1"/>
        <line num="17" count="4" type="cond" truecount="1" falsecount="1"/>
        <line num="20" count="4" type="cond" truecount="1" falsecount="1"/>
        <line num="21" count="0" type="stmt"/>
        <line num="22" count="0" type="stmt"/>
        <line num="23" count="0" type="stmt"/>
        <line num="24" count="0" type="stmt"/>
        <line num="28" count="4" type="stmt"/>
        <line num="29" count="11" type="stmt"/>
        <line num="32" count="4" type="cond" truecount="1" falsecount="1"/>
        <line num="33" count="0" type="cond" truecount="0" falsecount="2"/>
        <line num="34" count="0" type="stmt"/>
        <line num="35" count="0" type="cond" truecount="0" falsecount="2"/>
        <line num="36" count="0" type="stmt"/>
        <line num="38" count="0" type="stmt"/>
        <line num="42" count="4" type="stmt"/>
      </file>
    </package>
    <package name="helpers">
      <metrics statements="12" coveredstatements="3" conditionals="0" coveredconditionals="0" methods="3" coveredmethods="0"/>
      <file name="ratingAverageHelper.js" path="/Users/armando/Desktop/FEC-ROBIN/Project-Catwalk/helpers/ratingAverageHelper.js">
        <metrics statements="12" coveredstatements="3" conditionals="0" coveredconditionals="0" methods="3" coveredmethods="0"/>
        <line num="1" count="1" type="stmt"/>
        <line num="2" count="1" type="stmt"/>
        <line num="4" count="1" type="stmt"/>
        <line num="5" count="0" type="stmt"/>
        <line num="7" count="0" type="stmt"/>
        <line num="8" count="0" type="stmt"/>
        <line num="9" count="0" type="stmt"/>
        <line num="12" count="0" type="stmt"/>
        <line num="13" count="0" type="stmt"/>
        <line num="14" count="0" type="stmt"/>
        <line num="16" count="0" type="stmt"/>
        <line num="18" count="0" type="stmt"/>
      </file>
    </package>
  </project>
</coverage>
