{"/Users/armando/Desktop/FEC-ROBIN/Project-Catwalk/client/src/components/common/StarRating.jsx": {"path":"/Users/armando/Desktop/FEC-ROBIN/Project-Catwalk/client/src/components/common/StarRating.jsx","statementMap":{"0":{"start":{"line":8,"column":0},"end":{"line":8,"column":28}},"1":{"start":{"line":12,"column":19},"end":{"line":45,"column":1}},"2":{"start":{"line":13,"column":40},"end":{"line":13,"column":57}},"3":{"start":{"line":14,"column":16},"end":{"line":14,"column":52}},"4":{"start":{"line":15,"column":16},"end":{"line":15,"column":51}},"5":{"start":{"line":16,"column":18},"end":{"line":16,"column":58}},"6":{"start":{"line":17,"column":18},"end":{"line":17,"column":70}},"7":{"start":{"line":20,"column":2},"end":{"line":25,"column":3}},"8":{"start":{"line":21,"column":4},"end":{"line":24,"column":38}},"9":{"start":{"line":22,"column":23},"end":{"line":22,"column":46}},"10":{"start":{"line":23,"column":18},"end":{"line":23,"column":80}},"11":{"start":{"line":24,"column":20},"end":{"line":24,"column":36}},"12":{"start":{"line":28,"column":2},"end":{"line":30,"column":3}},"13":{"start":{"line":28,"column":15},"end":{"line":28,"column":16}},"14":{"start":{"line":29,"column":4},"end":{"line":29,"column":58}},"15":{"start":{"line":32,"column":2},"end":{"line":40,"column":3}},"16":{"start":{"line":33,"column":4},"end":{"line":39,"column":5}},"17":{"start":{"line":34,"column":6},"end":{"line":34,"column":27}},"18":{"start":{"line":35,"column":11},"end":{"line":39,"column":5}},"19":{"start":{"line":36,"column":6},"end":{"line":36,"column":75}},"20":{"start":{"line":38,"column":6},"end":{"line":38,"column":28}},"21":{"start":{"line":42,"column":2},"end":{"line":44,"column":4}}},"fnMap":{"0":{"name":"(anonymous_0)","decl":{"start":{"line":12,"column":19},"end":{"line":12,"column":20}},"loc":{"start":{"line":12,"column":44},"end":{"line":45,"column":1}},"line":12},"1":{"name":"(anonymous_1)","decl":{"start":{"line":22,"column":12},"end":{"line":22,"column":13}},"loc":{"start":{"line":22,"column":23},"end":{"line":22,"column":46}},"line":22},"2":{"name":"(anonymous_2)","decl":{"start":{"line":23,"column":12},"end":{"line":23,"column":13}},"loc":{"start":{"line":23,"column":18},"end":{"line":23,"column":80}},"line":23},"3":{"name":"(anonymous_3)","decl":{"start":{"line":24,"column":13},"end":{"line":24,"column":14}},"loc":{"start":{"line":24,"column":20},"end":{"line":24,"column":36}},"line":24}},"branchMap":{"0":{"loc":{"start":{"line":16,"column":18},"end":{"line":16,"column":58}},"type":"cond-expr","locations":[{"start":{"line":16,"column":27},"end":{"line":16,"column":42}},{"start":{"line":16,"column":45},"end":{"line":16,"column":58}}],"line":16},"1":{"loc":{"start":{"line":17,"column":18},"end":{"line":17,"column":70}},"type":"cond-expr","locations":[{"start":{"line":17,"column":27},"end":{"line":17,"column":48}},{"start":{"line":17,"column":51},"end":{"line":17,"column":70}}],"line":17},"2":{"loc":{"start":{"line":20,"column":2},"end":{"line":25,"column":3}},"type":"if","locations":[{"start":{"line":20,"column":2},"end":{"line":25,"column":3}},{"start":{"line":20,"column":2},"end":{"line":25,"column":3}}],"line":20},"3":{"loc":{"start":{"line":32,"column":2},"end":{"line":40,"column":3}},"type":"if","locations":[{"start":{"line":32,"column":2},"end":{"line":40,"column":3}},{"start":{"line":32,"column":2},"end":{"line":40,"column":3}}],"line":32},"4":{"loc":{"start":{"line":33,"column":4},"end":{"line":39,"column":5}},"type":"if","locations":[{"start":{"line":33,"column":4},"end":{"line":39,"column":5}},{"start":{"line":33,"column":4},"end":{"line":39,"column":5}}],"line":33},"5":{"loc":{"start":{"line":35,"column":11},"end":{"line":39,"column":5}},"type":"if","locations":[{"start":{"line":35,"column":11},"end":{"line":39,"column":5}},{"start":{"line":35,"column":11},"end":{"line":39,"column":5}}],"line":35}},"s":{"0":1,"1":1,"2":4,"3":4,"4":4,"5":4,"6":4,"7":4,"8":0,"9":0,"10":0,"11":0,"12":4,"13":4,"14":11,"15":4,"16":0,"17":0,"18":0,"19":0,"20":0,"21":4},"f":{"0":4,"1":0,"2":0,"3":0},"b":{"0":[0,4],"1":[0,4],"2":[0,4],"3":[0,4],"4":[0,0],"5":[0,0]},"_coverageSchema":"1a1c01bbd47fc00a2c39e90264f33305004495a9","hash":"1b166323a4f7da75168c389e67c480c9ee79c3e5"}
,"/Users/armando/Desktop/FEC-ROBIN/Project-Catwalk/helpers/ratingAverageHelper.js": {"path":"/Users/armando/Desktop/FEC-ROBIN/Project-Catwalk/helpers/ratingAverageHelper.js","statementMap":{"0":{"start":{"line":1,"column":14},"end":{"line":1,"column":30}},"1":{"start":{"line":2,"column":19},"end":{"line":2,"column":76}},"2":{"start":{"line":4,"column":0},"end":{"line":19,"column":2}},"3":{"start":{"line":5,"column":2},"end":{"line":18,"column":36}},"4":{"start":{"line":7,"column":22},"end":{"line":7,"column":41}},"5":{"start":{"line":8,"column":22},"end":{"line":8,"column":23}},"6":{"start":{"line":9,"column":20},"end":{"line":9,"column":21}},"7":{"start":{"line":12,"column":6},"end":{"line":15,"column":7}},"8":{"start":{"line":13,"column":8},"end":{"line":13,"column":35}},"9":{"start":{"line":14,"column":8},"end":{"line":14,"column":50}},"10":{"start":{"line":16,"column":6},"end":{"line":16,"column":33}},"11":{"start":{"line":18,"column":18},"end":{"line":18,"column":34}}},"fnMap":{"0":{"name":"(anonymous_0)","decl":{"start":{"line":4,"column":37},"end":{"line":4,"column":38}},"loc":{"start":{"line":4,"column":49},"end":{"line":19,"column":1}},"line":4},"1":{"name":"(anonymous_1)","decl":{"start":{"line":6,"column":10},"end":{"line":6,"column":11}},"loc":{"start":{"line":6,"column":20},"end":{"line":17,"column":5}},"line":6},"2":{"name":"(anonymous_2)","decl":{"start":{"line":18,"column":11},"end":{"line":18,"column":12}},"loc":{"start":{"line":18,"column":18},"end":{"line":18,"column":34}},"line":18}},"branchMap":{},"s":{"0":1,"1":1,"2":1,"3":0,"4":0,"5":0,"6":0,"7":0,"8":0,"9":0,"10":0,"11":0},"f":{"0":0,"1":0,"2":0},"b":{},"_coverageSchema":"1a1c01bbd47fc00a2c39e90264f33305004495a9","hash":"a9fa81cab2756c2d1872b98267bd062ca89f0692"}
}
