TN:
SF:client/src/components/common/StarRating.jsx
FN:12,(anonymous_0)
FN:22,(anonymous_1)
FN:23,(anonymous_2)
FN:24,(anonymous_3)
FNF:4
FNH:1
FNDA:4,(anonymous_0)
FNDA:0,(anonymous_1)
FNDA:0,(anonymous_2)
FNDA:0,(anonymous_3)
DA:8,1
DA:12,1
DA:13,4
DA:14,4
DA:15,4
DA:16,4
DA:17,4
DA:20,4
DA:21,0
DA:22,0
DA:23,0
DA:24,0
DA:28,4
DA:29,11
DA:32,4
DA:33,0
DA:34,0
DA:35,0
DA:36,0
DA:38,0
DA:42,4
LF:21
LH:12
BRDA:16,0,0,0
BRDA:16,0,1,4
BRDA:17,1,0,0
BRDA:17,1,1,4
BRDA:20,2,0,0
BRDA:20,2,1,4
BRDA:32,3,0,0
BRDA:32,3,1,4
BRDA:33,4,0,0
BRDA:33,4,1,0
BRDA:35,5,0,0
BRDA:35,5,1,0
BRF:12
BRH:4
end_of_record
TN:
SF:helpers/ratingAverageHelper.js
FN:4,(anonymous_0)
FN:6,(anonymous_1)
FN:18,(anonymous_2)
FNF:3
FNH:0
FNDA:0,(anonymous_0)
FNDA:0,(anonymous_1)
FNDA:0,(anonymous_2)
DA:1,1
DA:2,1
DA:4,1
DA:5,0
DA:7,0
DA:8,0
DA:9,0
DA:12,0
DA:13,0
DA:14,0
DA:16,0
DA:18,0
LF:12
LH:3
BRF:0
BRH:0
end_of_record
